2025-02-18 11:44:44 [32minfo[39m: [HTTP] [32mIncoming POST /auth/login[39m
2025-02-18 11:44:45 [32minfo[39m: [HTTP] [32mPOST /auth/login 201 - 338ms[39m
2025-02-18 12:30:49 [32minfo[39m: [HTTP] [32mIncoming POST /auth/refresh-token[39m
2025-02-18 12:30:49 [31merror[39m: [HTTP] [31mPOST /auth/refresh-token 401 - 68ms[39m
2025-02-18 12:31:53 [32minfo[39m: [HTTP] [32mIncoming POST /auth/refresh-token[39m
2025-02-18 12:31:53 [31merror[39m: [HTTP] [31mPOST /auth/refresh-token 401 - 31ms[39m
2025-02-18 12:53:54 [32minfo[39m: [HTTP] [32mIncoming POST /auth/refresh-token[39m
2025-02-18 12:53:54 [31merror[39m: [HTTP] [31mPOST /auth/refresh-token 500 - 50ms[39m
2025-02-18 12:56:35 [32minfo[39m: [HTTP] [32mIncoming POST /auth/refresh-token[39m
2025-02-18 12:56:35 [31merror[39m: [HTTP] [31mPOST /auth/refresh-token 401 - 32ms[39m
2025-02-18 12:56:49 [32minfo[39m: [HTTP] [32mIncoming POST /auth/refresh-token[39m
2025-02-18 12:56:49 [31merror[39m: [HTTP] [31mPOST /auth/refresh-token 401 - 27ms[39m
2025-02-18 12:57:07 [32minfo[39m: [HTTP] [32mIncoming POST /auth/login[39m
2025-02-18 12:57:07 [32minfo[39m: [HTTP] [32mPOST /auth/login 201 - 315ms[39m
2025-02-18 12:57:55 [32minfo[39m: [HTTP] [32mIncoming POST /auth/refresh-token[39m
2025-02-18 12:57:55 [32minfo[39m: [HTTP] [32mPOST /auth/refresh-token 201 - 47ms[39m
2025-02-18 12:59:21 [32minfo[39m: [HTTP] [32mIncoming POST /auth/refresh-token[39m
2025-02-18 12:59:21 [32minfo[39m: [HTTP] [32mPOST /auth/refresh-token 201 - 57ms[39m
2025-02-18 14:25:12 [32minfo[39m: [HTTP] [32mIncoming POST /auth/login[39m
2025-02-18 14:25:12 [32minfo[39m: [HTTP] [32mPOST /auth/login 201 - 231ms[39m
2025-02-18 14:30:36 [32minfo[39m: [HTTP] [32mIncoming POST /auth/login[39m
2025-02-18 14:30:36 [32minfo[39m: [HTTP] [32mPOST /auth/login 201 - 194ms[39m
2025-02-18 14:31:40 [32minfo[39m: [HTTP] [32mIncoming POST /auth/login[39m
2025-02-18 14:31:40 [32minfo[39m: [HTTP] [32mPOST /auth/login 201 - 191ms[39m
2025-02-18 14:37:11 [32minfo[39m: [HTTP] [32mIncoming POST /auth/login[39m
2025-02-18 14:37:12 [32minfo[39m: [HTTP] [32mPOST /auth/login 201 - 198ms[39m
2025-02-18 14:40:24 [32minfo[39m: [HTTP] [32mIncoming POST /auth/login[39m
2025-02-18 14:40:24 [32minfo[39m: [HTTP] [32mPOST /auth/login 201 - 189ms[39m
2025-02-18 15:21:35 [32minfo[39m: [HTTP] [32mIncoming POST /auth/login[39m
2025-02-18 15:21:35 [32minfo[39m: [HTTP] [32mPOST /auth/login 201 - 197ms[39m
2025-02-18 15:23:29 [32minfo[39m: [HTTP] [32mIncoming POST /auth/login[39m
2025-02-18 15:23:30 [32minfo[39m: [HTTP] [32mPOST /auth/login 201 - 192ms[39m
2025-02-18 15:23:53 [32minfo[39m: [HTTP] [32mIncoming POST /auth/login[39m
2025-02-18 15:23:54 [32minfo[39m: [HTTP] [32mPOST /auth/login 201 - 393ms[39m
2025-02-18 15:28:07 [32minfo[39m: [HTTP] [32mIncoming POST /auth/login[39m
2025-02-18 15:28:07 [32minfo[39m: [HTTP] [32mPOST /auth/login 201 - 207ms[39m
2025-02-18 15:28:52 [32minfo[39m: [HTTP] [32mIncoming POST /auth/refresh-token[39m
2025-02-18 15:28:52 [32minfo[39m: [HTTP] [32mPOST /auth/refresh-token 201 - 43ms[39m
2025-02-18 15:30:31 [32minfo[39m: [HTTP] [32mIncoming POST /auth/refresh-token[39m
2025-02-18 15:30:31 [32minfo[39m: [HTTP] [32mPOST /auth/refresh-token 201 - 39ms[39m
2025-02-18 15:35:25 [32minfo[39m: [HTTP] [32mIncoming POST /auth/login[39m
2025-02-18 15:35:26 [32minfo[39m: [HTTP] [32mPOST /auth/login 201 - 204ms[39m
2025-02-18 15:36:01 [32minfo[39m: [HTTP] [32mIncoming POST /auth/refresh-token[39m
2025-02-18 15:36:01 [32minfo[39m: [HTTP] [32mPOST /auth/refresh-token 201 - 170ms[39m
