2025-02-17 10:50:30 [32minfo[39m: [HTTP] [32mIncoming POST /auth/register[39m
2025-02-17 10:50:30 [32minfo[39m: [HTTP] [32mPOST /auth/register 201 - 167ms[39m
2025-02-17 11:07:57 [32minfo[39m: [HTTP] [32mIncoming POST /auth/register[39m
2025-02-17 11:07:57 [31merror[39m: [HTTP] [31mPOST /auth/register 500 - 161ms[39m
2025-02-17 11:10:43 [32minfo[39m: [HTTP] [32mIncoming POST /auth/register[39m
2025-02-17 11:10:43 [31merror[39m: [HTTP] [31mPOST /auth/register 500 - 131ms[39m
2025-02-17 11:17:21 [32minfo[39m: [HTTP] [32mIncoming POST /auth/register[39m
2025-02-17 11:17:21 [31merror[39m: [HTTP] [31mPOST /auth/register 500 - 144ms[39m
2025-02-17 11:18:27 [32minfo[39m: [HTTP] [32mIncoming POST /auth/register[39m
2025-02-17 11:18:27 [31merror[39m: [HTTP] [31mPOST /auth/register 500 - 187ms[39m
2025-02-17 11:19:53 [32minfo[39m: [HTTP] [32mIncoming POST /auth/register[39m
2025-02-17 11:19:53 [32minfo[39m: [HTTP] [32mPOST /auth/register 201 - 57ms[39m
2025-02-17 15:48:50 [32minfo[39m: [HTTP] [32mIncoming POST /auth/register[39m
2025-02-17 15:48:50 [32minfo[39m: [HTTP] [32mPOST /auth/register 201 - 74ms[39m
2025-02-17 15:52:20 [32minfo[39m: [HTTP] [32mIncoming POST /auth/register[39m
2025-02-17 15:52:20 [32minfo[39m: [HTTP] [32mPOST /auth/register 201 - 57ms[39m
2025-02-17 16:39:24 [32minfo[39m: [HTTP] [32mIncoming POST /auth/login[39m
2025-02-17 16:39:24 [31merror[39m: [HTTP] [31mPOST /auth/login 404 - 2ms[39m
2025-02-17 16:41:10 [32minfo[39m: [HTTP] [32mIncoming POST /auth/login[39m
2025-02-17 16:41:10 [32minfo[39m: [HTTP] [32mPOST /auth/login 201 - 145ms[39m
2025-02-17 16:42:01 [32minfo[39m: [HTTP] [32mIncoming POST /auth/login[39m
2025-02-17 16:42:01 [31merror[39m: [HTTP] [31mPOST /auth/login 500 - 69ms[39m
2025-02-17 16:42:28 [32minfo[39m: [HTTP] [32mIncoming POST /auth/login[39m
2025-02-17 16:42:28 [32minfo[39m: [HTTP] [32mPOST /auth/login 201 - 91ms[39m
2025-02-17 16:42:38 [32minfo[39m: [HTTP] [32mIncoming POST /auth/login[39m
2025-02-17 16:42:38 [31merror[39m: [HTTP] [31mPOST /auth/login 500 - 22ms[39m
2025-02-17 16:44:00 [32minfo[39m: [HTTP] [32mIncoming POST /auth/login[39m
2025-02-17 16:44:00 [31merror[39m: [HTTP] [31mPOST /auth/login 500 - 56ms[39m
2025-02-17 16:44:48 [32minfo[39m: [HTTP] [32mIncoming POST /auth/login[39m
2025-02-17 16:44:48 [31merror[39m: [HTTP] [31mPOST /auth/login 500 - 44ms[39m
2025-02-17 16:45:18 [32minfo[39m: [HTTP] [32mIncoming POST /auth/login[39m
2025-02-17 16:45:18 [31merror[39m: [HTTP] [31mPOST /auth/login 500 - 39ms[39m
2025-02-17 16:47:29 [32minfo[39m: [HTTP] [32mIncoming POST /auth/login[39m
2025-02-17 16:47:29 [32minfo[39m: [HTTP] [32mPOST /auth/login 201 - 50ms[39m
2025-02-17 16:47:58 [32minfo[39m: [HTTP] [32mIncoming POST /auth/login[39m
2025-02-17 16:47:58 [31merror[39m: [HTTP] [31mPOST /auth/login 500 - 124ms[39m
2025-02-17 16:49:34 [32minfo[39m: [HTTP] [32mIncoming POST /auth/login[39m
2025-02-17 16:49:34 [31merror[39m: [HTTP] [31mPOST /auth/login 500 - 120ms[39m
2025-02-17 21:42:49 [32minfo[39m: [HTTP] [32mIncoming POST /auth/login[39m
2025-02-17 21:43:03 [31merror[39m: [HTTP] [31mPOST /auth/login 500 - 14078ms[39m
2025-02-17 21:50:06 [32minfo[39m: [HTTP] [32mIncoming POST /auth/login[39m
2025-02-17 21:50:06 [32minfo[39m: [HTTP] [32mPOST /auth/login 201 - 138ms[39m
2025-02-17 21:52:02 [32minfo[39m: [HTTP] [32mIncoming POST /auth/login[39m
2025-02-17 21:52:02 [32minfo[39m: [HTTP] [32mPOST /auth/login 201 - 131ms[39m
